{"numFailedTestSuites":0,"numFailedTests":0,"numPassedTestSuites":5,"numPassedTests":20,"numPendingTestSuites":0,"numPendingTests":0,"numRuntimeErrorTestSuites":0,"numTodoTests":0,"numTotalTestSuites":5,"numTotalTests":20,"openHandles":[],"snapshot":{"added":0,"didUpdate":false,"failure":false,"filesAdded":0,"filesRemoved":0,"filesRemovedList":[],"filesUnmatched":0,"filesUpdated":0,"matched":0,"total":0,"unchecked":0,"uncheckedKeysByFile":[],"unmatched":0,"updated":0},"startTime":1772121824901,"success":true,"testResults":[{"assertionResults":[{"ancestorTitles":["Admin Mark-Paid Route"],"duration":940,"failing":false,"failureDetails":[],"failureMessages":[],"fullName":"Admin Mark-Paid Route admin can mark finalized order as paid","invocations":1,"location":null,"numPassingAsserts":4,"retryReasons":[],"startAt":1772121836786,"status":"passed","title":"admin can mark finalized order as paid"},{"ancestorTitles":["Admin Mark-Paid Route"],"duration":170,"failing":false,"failureDetails":[],"failureMessages":[],"fullName":"Admin Mark-Paid Route cannot mark cancelled order as paid","invocations":1,"location":null,"numPassingAsserts":2,"retryReasons":[],"startAt":1772121837735,"status":"passed","title":"cannot mark cancelled order as paid"},{"ancestorTitles":["Admin Mark-Paid Route"],"duration":204,"failing":false,"failureDetails":[],"failureMessages":[],"fullName":"Admin Mark-Paid Route cannot mark unfinalized order as paid","invocations":1,"location":null,"numPassingAsserts":3,"retryReasons":[],"startAt":1772121837907,"status":"passed","title":"cannot mark unfinalized order as paid"},{"ancestorTitles":["Admin Mark-Paid Route"],"duration":224,"failing":false,"failureDetails":[],"failureMessages":[],"fullName":"Admin Mark-Paid Route cannot mark already paid order as paid again","invocations":1,"location":null,"numPassingAsserts":3,"retryReasons":[],"startAt":1772121838113,"status":"passed","title":"cannot mark already paid order as paid again"},{"ancestorTitles":["Admin Mark-Paid Route"],"duration":203,"failing":false,"failureDetails":[],"failureMessages":[],"fullName":"Admin Mark-Paid Route user cannot access admin mark-paid route","invocations":1,"location":null,"numPassingAsserts":3,"retryReasons":[],"startAt":1772121838340,"status":"passed","title":"user cannot access admin mark-paid route"}],"endTime":1772121839605,"message":"","name":"/home/kali/Desktop/uniqueofy/backend/tests/admin.payment.test.js","startTime":1772121825381,"status":"passed","summary":""},{"assertionResults":[{"ancestorTitles":["Auth Integration"],"duration":2082,"failing":false,"failureDetails":[],"failureMessages":[],"fullName":"Auth Integration verify OTP login returns accessToken and user object","invocations":1,"location":null,"numPassingAsserts":6,"retryReasons":[],"startAt":1772121843691,"status":"passed","title":"verify OTP login returns accessToken and user object"},{"ancestorTitles":["Auth Integration"],"duration":1629,"failing":false,"failureDetails":[],"failureMessages":[],"fullName":"Auth Integration invalid OTP returns 400","invocations":1,"location":null,"numPassingAsserts":3,"retryReasons":[],"startAt":1772121845776,"status":"passed","title":"invalid OTP returns 400"},{"ancestorTitles":["Auth Integration"],"duration":65,"failing":false,"failureDetails":[],"failureMessages":[],"fullName":"Auth Integration access protected route without token returns 401","invocations":1,"location":null,"numPassingAsserts":3,"retryReasons":[],"startAt":1772121847407,"status":"passed","title":"access protected route without token returns 401"}],"endTime":1772121848193,"message":"","name":"/home/kali/Desktop/uniqueofy/backend/tests/auth.integration.test.js","startTime":1772121839885,"status":"passed","summary":""},{"assertionResults":[{"ancestorTitles":["Strict Order Status Transitions"],"duration":458,"failing":false,"failureDetails":[],"failureMessages":[],"fullName":"Strict Order Status Transitions PENDING → CONFIRMED allowed","invocations":1,"location":null,"numPassingAsserts":3,"retryReasons":[],"startAt":1772121851733,"status":"passed","title":"PENDING → CONFIRMED allowed"},{"ancestorTitles":["Strict Order Status Transitions"],"duration":140,"failing":false,"failureDetails":[],"failureMessages":[],"fullName":"Strict Order Status Transitions CONFIRMED → COMPLETED allowed","invocations":1,"location":null,"numPassingAsserts":3,"retryReasons":[],"startAt":1772121852194,"status":"passed","title":"CONFIRMED → COMPLETED allowed"},{"ancestorTitles":["Strict Order Status Transitions"],"duration":140,"failing":false,"failureDetails":[],"failureMessages":[],"fullName":"Strict Order Status Transitions COMPLETED → CONFIRMED forbidden","invocations":1,"location":null,"numPassingAsserts":3,"retryReasons":[],"startAt":1772121852336,"status":"passed","title":"COMPLETED → CONFIRMED forbidden"},{"ancestorTitles":["Strict Order Status Transitions"],"duration":136,"failing":false,"failureDetails":[],"failureMessages":[],"fullName":"Strict Order Status Transitions CANCELLED → any forbidden","invocations":1,"location":null,"numPassingAsserts":3,"retryReasons":[],"startAt":1772121852477,"status":"passed","title":"CANCELLED → any forbidden"}],"endTime":1772121854305,"message":"","name":"/home/kali/Desktop/uniqueofy/backend/tests/status.transition.test.js","startTime":1772121848266,"status":"passed","summary":""},{"assertionResults":[{"ancestorTitles":["Finalize Quote Route"],"duration":534,"failing":false,"failureDetails":[],"failureMessages":[],"fullName":"Finalize Quote Route admin can finalize quote","invocations":1,"location":null,"numPassingAsserts":5,"retryReasons":[],"startAt":1772121857749,"status":"passed","title":"admin can finalize quote"},{"ancestorTitles":["Finalize Quote Route"],"duration":150,"failing":false,"failureDetails":[],"failureMessages":[],"fullName":"Finalize Quote Route cannot finalize cancelled order","invocations":1,"location":null,"numPassingAsserts":2,"retryReasons":[],"startAt":1772121858286,"status":"passed","title":"cannot finalize cancelled order"},{"ancestorTitles":["Finalize Quote Route"],"duration":143,"failing":false,"failureDetails":[],"failureMessages":[],"fullName":"Finalize Quote Route cannot finalize already finalized order","invocations":1,"location":null,"numPassingAsserts":2,"retryReasons":[],"startAt":1772121858439,"status":"passed","title":"cannot finalize already finalized order"},{"ancestorTitles":["Finalize Quote Route"],"duration":132,"failing":false,"failureDetails":[],"failureMessages":[],"fullName":"Finalize Quote Route cannot finalize with negative amount","invocations":1,"location":null,"numPassingAsserts":3,"retryReasons":[],"startAt":1772121858584,"status":"passed","title":"cannot finalize with negative amount"}],"endTime":1772121859649,"message":"","name":"/home/kali/Desktop/uniqueofy/backend/tests/order.finalize.test.js","startTime":1772121854382,"status":"passed","summary":""},{"assertionResults":[{"ancestorTitles":["Order Cancel Route"],"duration":848,"failing":false,"failureDetails":[],"failureMessages":[],"fullName":"Order Cancel Route user can cancel own pending_review order","invocations":1,"location":null,"numPassingAsserts":3,"retryReasons":[],"startAt":1772121862934,"status":"passed","title":"user can cancel own pending_review order"},{"ancestorTitles":["Order Cancel Route"],"duration":151,"failing":false,"failureDetails":[],"failureMessages":[],"fullName":"Order Cancel Route user cannot cancel completed order","invocations":1,"location":null,"numPassingAsserts":3,"retryReasons":[],"startAt":1772121863784,"status":"passed","title":"user cannot cancel completed order"},{"ancestorTitles":["Order Cancel Route"],"duration":133,"failing":false,"failureDetails":[],"failureMessages":[],"fullName":"Order Cancel Route user cannot cancel already cancelled order","invocations":1,"location":null,"numPassingAsserts":3,"retryReasons":[],"startAt":1772121863937,"status":"passed","title":"user cannot cancel already cancelled order"},{"ancestorTitles":["Order Cancel Route"],"duration":131,"failing":false,"failureDetails":[],"failureMessages":[],"fullName":"Order Cancel Route user cannot cancel another user’s order","invocations":1,"location":null,"numPassingAsserts":3,"retryReasons":[],"startAt":1772121864072,"status":"passed","title":"user cannot cancel another user’s order"}],"endTime":1772121864965,"message":"","name":"/home/kali/Desktop/uniqueofy/backend/tests/order.cancel.test.js","startTime":1772121859779,"status":"passed","summary":""}],"wasInterrupted":false}
